  0.840098040842271               10
  0.587869289354961                7
  0.170065845610804                2
 -0.981220963653187              -12
 -0.745690377053697               -9
  0.561273234483719                7
  0.662462484557439                8
 -0.307796746774230               -3
  -1.77168538854377              -22
   2.57322362835440               32
 -0.775013877853832               -9
 -0.163395991250770               -2
   1.27757475504527               15
 -0.221169817203266               -2
  -1.88260652880273              -23
  -1.29569181969569              -16
  -2.97137708111906              -37
  0.376182065317604                4
 -0.989827759899086              -12
 -0.284599150914941               -3
 -0.799781403988294               -9
   1.10367557875326               13
 -0.517523526897456               -6
 -8.497925467806013E-002          -1
  4.174607557269548E-002           0
  -1.16498506042103              -14
 -0.901169893257836              -11
  0.841738093431538               10
 -0.279655768535996               -3
 -0.181517171387811               -2
 -0.122817702088693               -1
  0.230968204471101                2
   1.39391033650799               17
   1.26272398673035               15
  0.381996773080924                4
   2.21805330962719               27
  7.173366038888337E-002           0
  -2.06574918813820              -25
  0.429995089825403                5
   2.37452487048629               29
   1.36038906780216               17
   1.09656660555075               13
 -0.400749903604784               -5
  0.771181206662854                9
  0.259662979914794                3
   2.10703167997105               26
  -1.80950471981613              -22
 -0.467263338749705               -5
 -0.479571705246886               -5
 -0.662722862099596               -8
   2.57450682898659               32
  -1.18315178581022              -14
  0.341123656986160                4
  4.784123127376429E-002           0
 -0.336979977724648               -4
  0.986295803001862               12
  -4.17191723237759              -52
  0.188961643504775                2
   2.14193613892215               26
   2.49071750096871               31
  -1.88773108044836              -23
 -0.140511420721994               -1
   1.05031556992215               13
 -0.404140217945654               -5
   1.12812429140773               14
  0.336315608317782                4
   1.76072324583711               22
  0.567315918090020                7
 -0.244977927076718               -3
 -0.807444279280099              -10
  -1.55657794726323              -19
  0.731358196868639                9
  0.654430047315285                8
  -1.59015334558886              -19
  -2.02285190975651              -25
  0.517165202986396                6
  0.973503677487454               12
   2.35569136049033               29
  -1.50430813874673              -18
  0.989715039765921               12
 -0.313006419904707               -3
 -0.394129071211924               -4
 -0.907924906730895              -11
  -3.22058795373714              -40
   1.87063823956434               23
 -0.390129046653667               -4
  -2.00409460596478              -25
 -0.625052019780637               -7
 -0.470540667759976               -5
  -1.37221330703831              -17
 -8.581880211857121E-002          -1
   2.64191471589714               33
  0.367825693249812                4
  -1.72889574438546              -21
  -1.55882433552881              -19
  -1.59917485262296              -19
 -0.553706460159371               -6
 -0.145552608230884               -1
  0.212177984967778                2
  -1.56696457450659              -19
   1.13666954762390               14
  0.250676583479662                3
  7.456450315629019E-002           0
 -8.187585573154629E-002          -1
  -1.43500651439241              -17
  -1.89536891296430              -23
  0.757583685531401                9
 -0.792725329238602               -9
 -6.574399365722078E-002           0
   2.19142387162318               27
   1.59156639920232               19
   1.66605856431931               20
   1.68671178170108               21
  -1.10391952786695              -13
   1.97743561410173               24
  -1.15588586104176              -14
  -1.90099677928223              -23
  0.169047518364425                2
  -1.37973557444044              -17
   2.79625609926789               34
  0.952925608356343               11
  -1.68826610357925              -21
  -1.70372581835799              -21
  0.784607530846785                9
  0.469165276078415                5
 -0.386813949500310               -4
 -0.289256307990357               -3
 -0.841539297856832              -10
   2.92830267828963               36
   3.14773403307199               39
  0.649186269301558                8
  0.100010268932083                1
  0.834094409571925               10
  5.247882877715741E-002           0
 -0.250335229930019               -3
  0.393884621265867                4
   1.51652524318110               18
   2.34148379265402               29
   2.68151584614095               33
  0.636340556370809                7
   1.11050625394234               13
  0.727215257864408                9
 -0.465190448990061               -5
   1.91097383423013               23
 -0.650709969708379               -8
  0.102935293392960                1
  -2.25614434537087              -28
   2.88062075379235               36
  0.661441000688330                8
  -3.26958655594597              -40
  -3.01334406822491              -37
 -5.406963176742594E-002           0
 -0.337478006356300               -4
   2.24611639785444               28
  -1.20081744485549              -15
   1.68005655153795               21
  0.340446673740285                4
   2.23641899229396               27
   3.73273423745269               46
  -1.05126417635291              -13
  2.203388245930363E-002           0
 -0.574079777346373               -7
  -1.34615756644292              -16
  -1.21112384202993              -15
   1.62613800901809               20
  0.851632565689877               10
  -2.20275737016204              -27
  0.375685649315603                4
   3.00979113639970               37
   2.45481389033227               30
   3.73063477083007               46
   1.30104404071798               16
   2.79718680894865               34
 -0.511149827914560               -6
  -1.03243872909963              -12
 -0.570758139699454               -7
   2.88390476036016               36
  0.281039055887623                3
 -0.549211267480589               -6
  0.552149894534408                6
  -1.36323841345494              -17
 -0.263157148375850               -3
   1.56836128001889               19
  0.513911104410670                6
  -4.22099430381653              -52
  8.211687019657563E-002           1
  -2.47253787311014              -30
  0.926403532769223               11
  -1.41791736705861              -17
  0.140800102054234                1
   1.72672368066273               21
  0.671955463404927                8
  0.210153553375325                2
   1.62018945079588               20
   2.09942839018089               26
  0.658710805531852                8
  -1.88665537527728              -23
  0.442092796467072                5
 -0.402094509535629               -5
 -0.913732742139353              -11
 -0.126482080970585               -1
  0.146194570127019                1
  0.302115224370296                3
  0.737265222557656                9
   2.66429311636427               33
 -0.385176155009409               -4
   1.24012652899859               15
  -1.67157045221443              -20
 -0.419072700777953               -5
  0.405536921166115                5
 -3.589430153095143E-003           0
  -2.10010145643154              -26
 -0.189090404580895               -2
 -0.572075063981427               -7
 -0.130769788058516               -1
  0.556776141692255                6
   2.61669944508842               32
   2.37471195439633               29
 -0.651100497621141               -8
 -0.411308969780613               -5
  0.799003059542053                9
  0.287488291169854                3
  -1.31599417744064              -16
  -1.03709365334980              -12
  -2.15575574947380              -26
  0.863200162716617               10
   1.68505598897310               21
 -0.758908306502244               -9
 -0.608752953412793               -7
   1.16326475159399               14
   1.52011985069019               19
  0.587106382187507                7
  0.500833383469354                6
  4.182353397398371E-002           0
  -1.52669339219453              -19
  -3.14923650658353              -39
  0.434291494896669                5
  0.194114238808006                2
   1.19678102119150               14
 -0.146744115933247               -1
   1.05386826159591               13
 -0.392711159806006               -4
 -0.302404053745174               -3
  -1.40414226578744              -17
   1.30802609472249               16
  -3.16379514020206              -39
 -0.348653342624671               -4
  0.162496538663268                2
  -1.49415758740989              -18
   1.34007242723875               16
  0.247741629480250                3
   1.41954366471278               17
 -0.358066353317855               -4
  -2.24632643109455              -28
   2.15787606801029               26
  0.863811596819714               10
  0.656230754579805                8
  -1.36961682088003              -17
 -0.120782989381678               -1
  0.580266498346351                7
  -1.86596029561178              -23
   1.05814367166784               13
 -0.203169178090886               -2
  0.514801616542271                6
  -1.82539083777794              -22
 -0.319350470275101               -3
  -2.16243202131679              -27
   1.73177535599657               21
 -9.861984711056598E-002          -1
  0.926264573619381               11
  -2.48742074232023              -31
  0.217781461664122                2
  -1.23098899399171              -15
 -0.388668481780638               -4
  0.656310761959421                8
  -2.35806055339559              -29
 -0.634957837830579               -7
 -0.194927687017460               -2
  -1.72758854563125              -21
   2.24920377471781               28
  -1.53441462115222              -19
 -0.417529672890699               -5
   3.15421856613652               39
   2.18269224730688               27
  -1.58366252266124              -19
   1.12774837164947               14
  0.317138592407320                3
   2.71056239584255               33
  -1.02329539298632              -12
   1.69257711065532               21
  0.652905985000123                8
  0.144314096210301                1
   2.04986971237721               25
   1.24627402767743               15
  0.871824552565211               10
  -1.34613780468648              -16
  0.806844621743687               10
  0.506276968067592                6
 -0.723116867514664               -9
 -0.678984706931876               -8
   2.58636036523678               32
  -4.28288101453402              -53
  -1.03833607132391              -12
 -0.397131369668097               -4
  0.533653580844356                6
  -2.57183090674390              -32
  -1.00276323654696              -12
  -1.28605100013461              -16
  -1.59280638322653              -19
  -3.75111962786359              -46
   2.13640505420138               26
  -1.52344695658551              -19
 -0.676799234073214               -8
  -2.12911053124847              -26
 -0.456484595714067               -5
  -1.50893951262169              -18
   1.06638100930745               13
  -2.02168689980630              -25
  -1.43425111505169              -17
   1.76762664423007               22
  -1.70162774690849              -21
  -1.13558703556888              -14
   1.21145465510553               15
  0.919046676880200               11
  0.986238808660602               12
  0.230314741506803                2
  -1.67369097070353              -20
  0.373239331265687                4
 -0.145420743322885               -1
  0.876818201036495               10
  -1.43431735697730              -17
 -0.977067384960120              -12
   2.20023229303009               27
  0.921448904584566               11
   1.71472587093797               21
  0.182662683139348                2
   1.43567566258273               17
  -2.79230928385033              -34
   1.18026580798331               14
  0.481645076806427                6
  0.865070519045005               10
 -0.152887133656640               -1
   1.53077681587583               19
   2.19084075750463               27
  -1.04946382224343              -13
 -0.631819782400892               -7
  0.225701217456471                2
  0.828106971564001               10
  8.561815960244587E-003           0
   1.61770119299743               20
 -0.481708668239871               -6
 -0.995104978534570              -12
  0.276876774691197                3
   1.07593952191552               13
  -1.79901905076792              -22
 -0.100897843231259               -1
  0.818644144174872               10
 -0.508991818787575               -6
  0.562674021032584                7
 -0.126948004033186               -1
  -1.96687650465227              -24
  0.713809455002311                8
   1.68894997268640               21
  -1.32864312925610              -16
 -0.595823945665415               -7
 -0.584229439745742               -7
  -1.22400169525895              -15
   2.71535908123634               33
  3.869595577927864E-002           0
  0.614081509758956                7
 -0.595788475574320               -7
  -1.02285191395748              -12
  0.345345915815694                4
  0.114865188537704                1
 -0.413452130202563               -5
   3.30827582609713               41
   1.14924502973016               14
  0.221509739956470                2
   1.92594134765096               24
 -0.504197255509300               -6
  -1.17776137450996              -14
 -0.554136728694874               -6
  -2.85002723167874              -35
  -2.89662750743068              -36
   1.15051496117256               14
   2.20894118854848               27
  0.756238857944968                9
  0.441375766322692                5
  -3.88355915759992              -48
 -7.462874702517658E-002           0
 -0.905300596250710              -11
   1.03440290927999               12
 -0.719107897990472               -8
 -0.232309791253668               -2
  -1.20229371933141              -15
  -1.31049384889329              -16
  -1.09224653434333              -13
  0.110454468893604                1
  0.828864566692049               10
  0.333345925634664                4
  -1.79472547442319              -22
   1.07578996595793               13
   2.23384589424695               27
 -0.634632287001849               -7
  -3.69897940663720              -46
  0.302836764674883                3
  -2.63953059390159              -32
  -1.16557902277437              -14
  -1.44424818237178              -18
  0.656070786417103                8
  0.772688105789372                9
   3.06760647155825               38
 -0.996308151948982              -12
  0.460744346466638                5
  0.666705637521196                8
   1.61275929209746               20
 -0.266042233072561               -3
  0.720143106207430                9
 -0.952313677644778              -11
 -0.341821730650484               -4
   1.80045791090294               22
  0.224851174205993                2
  0.401653830099172                5
  0.472007915590140                5
  0.384946775211814                4
   1.06965158491455               13
   3.41461395762674               42
   4.03349864690157               50
 -2.378986797185662E-002           0
  -1.07017435733820              -13
  0.237302993008933                2
  -1.40277149765865              -17
   1.94366245558388               24
  -1.18452397710025              -14
   2.07546706553840               25
   3.34724451404459               41
 -0.792788933767178               -9
  0.762426308540004                9
  -2.30856142549281              -28
  -1.63245743572747              -20
  -1.57616367929638              -19
  0.821823543085041               10
  -1.05449544317993              -13
 -0.194985765048020               -2
 -0.461606073993192               -5
   1.94351367438823               24
  -1.25907650308664              -15
  -3.51826262468995              -43
 -0.952877284839315              -11
 -0.898512970526404              -11
  -1.58394872957763              -19
  -1.82567909374256              -22
 -0.295761509693452               -3
  0.450160889533728                5
  -2.27482127528071              -28
  0.345950688062011                4
  0.195904224013580                2
  6.947364155958868E-002           0
  -3.40912566410921              -42
 -0.640497689041163               -8
 -3.800768591391198E-002           0
   3.02533242844589               37
 -0.609135685757014               -7
   1.69019132132808               21
  0.505004212343615                6
 -0.389462276298780               -4
  0.177914075838262                2
   1.51173636111704               18
  0.579902746961336                7
  -1.37722095688798              -17
  0.403016863820025                5
  0.842231646132522               10
   1.98622639307166               24
   1.85935904051006               23
 -0.440572775408716               -5
 -0.781268817211742               -9
 -0.414168755920148               -5
  -1.33605161039952              -16
  0.881079990311975               11
  -1.06760456617255              -13
 -0.128842195798989               -1
  -2.16731798374576              -27
  -2.49813542003234              -31
  -2.73616202581728              -34
 -0.530647841584399               -6
   2.05110035253826               25
   2.01296861073792               25
  -2.35272512406996              -29
  -1.67242539016950              -20
  0.949217004959203               11
  0.116183510031417                1
   2.25909694223044               28
 -0.360950754984625               -4
  0.718642282230028                8
 -0.674409274777317               -8
 -0.338460666658366               -4
  -1.31148132078078              -16
  0.249377286333814                3
   2.49465633955381               31
 -0.479386723215352               -5
  0.930757969343715               11
  -1.05530658539897              -13
  0.117978534611932                1
  0.569828971626989                7
  -1.31871073105571              -16
   2.22989950475240               27
  0.152229756503906                1
  0.190859896080646                2
   1.35167138476219               16
  -2.02831366555190              -25
   1.07439941806778               13
  -2.23325113119409              -27
  -1.24053842609308              -15
 -0.237906223736216               -2
  -1.15562152663967              -14
 -0.615375844116317               -7
 -0.304326513679996               -3
  -2.39732214300046              -29
  0.348759334641113                4
  3.696510256105717E-002           0
   2.19614662390894               27
   2.94176076996184               36
 -0.883577395580436              -11
  0.345698395638194                4
   1.94171829420064               24
   1.79049453185963               22
  0.565024858647811                7
 -0.844641195553273              -10
 -0.574286034041424               -7
 -0.114546591368507               -1
   1.30938020331612               16
 -0.287685139327807               -3
   1.97171079768849               24
 -0.238524237891459               -2
  0.855543735248183               10
  -1.30029467614070              -16
  0.721637563019946                9
   1.60690902152646               20
  0.245401557448664                3
  0.495417579503042                6
   2.27481756428456               28
  -1.29827702023936              -16
  0.444675996353761                5
 -0.516988707654257               -6
 -0.365921978464289               -4
 -0.892164480386237              -11
  0.719385008002321                8
  -2.69985139093853              -33
   1.94466944228847               24
  0.252952946315555                3
 -0.673882821716556               -8
  -1.45986645226675              -18
  -1.86752243908623              -23
  8.870959389426783E-002           1
   1.95601230040539               24
  0.968193235700065               12
  -1.57198834181550              -19
   1.56718036600318               19
 -0.628559341277415               -7
  -2.05282895806112              -25
  0.956776578944703               11
  3.234580075021412E-003           0
 -0.264445855884500               -3
 -0.654518479718343               -8
  -2.74339593163066              -34
  -1.56316226075919              -19
 -0.506195058938757               -6
  -1.79598220780554              -22
  -3.17588834985533              -39
   3.55938001353210               44
   1.20704263131851               15
   1.69733546776421               21
  -1.89917680866155              -23
   1.45521688591768               18
 -0.780353332762297               -9
  -2.48457032684353              -31
   1.77262336345217               22
  0.942578843420437               11
   1.26277170951835               15
  -1.03546097528215              -12
   2.79230866349184               34
  0.311232441664141                3
  -3.70305636966063              -46
   1.47901336449476               18
 -0.895536340823601              -11
  0.470344245271957                5
   1.84415663188913               23
 -0.269134996084004               -3
 -0.915716604280423              -11
   1.32244068854032               16
  -2.05959104807870              -25
  -1.04174188388150              -13
  0.977683224923861               12
 -0.245559986403086               -3
  -1.87805856562734              -23
 -0.274699421920107               -3
  0.946510953301328               11
   1.04101430842960               13
   1.88437939150732               23
 -0.568044444565458               -7
  -2.14557165986900              -26
 -0.185112537250594               -2
  2.695641118265423E-002           0
   1.52783073920672               19
  -1.26809233809149              -15
   1.13103185029873               14
  -1.68728049649383              -21
 -0.538456028662739               -6
  0.635341112636042                7
 -0.322435695442059               -4
  -1.57755645040251              -19
 -0.914948383162447              -11
  -1.44991587038257              -18
  0.154373614537463                1
 -0.194781945380714               -2
   1.25415349658011               15
  -1.16735519961158              -14
 -0.399723157206056               -4
 -0.627346871780767               -7
   2.50528494582187               31
   1.00314960357445               12
 -0.256752043379705               -3
   2.64900192869218               33
  1.098145282759783E-002           0
   1.71264946087386               21
  -2.00499293538734              -25
  -1.60350098555427              -20
  -1.25687354101640              -15
  0.429496098705074                5
  0.954772979854323               11
  -2.21969579879251              -27
 -0.504328434805107               -6
  0.112907688310939                1
  -2.04586158469773              -25
   2.17970592865827               27
  -1.40536129432492              -17
  -1.90707214972273              -23
   1.41971378007387               17
  0.558980512701186                6
  -1.52378962813761              -19
 -0.152051101142876               -1
  -2.34744708966662              -29
  -1.13644350484107              -14
  3.415551448635201E-002           0
  -1.06510883994648              -13
 -0.522151786970777               -6
 -0.337608854356754               -4
 -0.749439777395697               -9
  0.254177939190447                3
 -0.246114713317203               -3
 -0.136231413877864               -1
  -1.58333253618523              -19
   1.15229406175228               14
 -0.705518835798578               -8
  -1.14811530784105              -14
  0.197697716841582                2
 -0.516231074594795               -6
 -0.231395251869381               -2
  -1.79772111757945              -22
  0.437149261694853                5
  -2.21136369294376              -27
  0.735980526416532                9
   1.04247012723936               13
   1.76962979847569               22
 -0.264558860827587               -3
  -1.44026401026844              -18
  -1.58807316941348              -19
   1.93804925063325               24
  -3.96182224336539              -49
  -1.84357289520758              -23
  -3.14398135393170              -39
  0.598436898111682                7
 -0.861632790242504              -10
  -1.29620999556533              -16
 -0.465379543291351               -5
 -0.213685728847818               -2
  0.287606936066043                3
 -0.399599306999651               -4
 -0.142452559826252               -1
   2.41803058610461               30
  0.455275458839310                5
  0.329803186501369                4
 -6.240908330929366E-002           0
  0.247686356443320                3
  0.682720348920582                8
  -1.47231095292135              -18
   2.64733550010303               33
  -2.93258798595547              -36
  0.236714489998708                2
  0.326854915723422                4
  0.267283335692853                3
 -0.971982762757446              -12
 -0.785431779594559               -9
 -0.724664542486771               -9
  -2.10353144495040              -26
  -2.12906845241654              -26
 -0.985749450856877              -12
   1.05758830284286               13
  0.424811060633262                5
   1.10687160065657               13
  -1.14720973050243              -14
  0.896754454217685               11
  -1.65235697045638              -20
  -4.10212677617635              -51
  -2.07875405318827              -25
 -0.920721616105703              -11
   1.40380110387409               17
  0.892034755583909               11
 -0.777524001905432               -9
   1.70304133544221               21
  0.515906560404199                6
  -1.10262775385570              -13
   2.07623621076276               25
  -2.27313902901207              -28
  -1.30538712466523              -16
 -0.585424792555833               -7
   1.40375831837984               17
 -0.913017530950978              -11
  -2.92045854256658              -36
 -0.369687990929429               -4
  -1.95827353879303              -24
  0.244770062697147                3
   1.21975430371547               15
 -3.450933358384333E-002           0
  0.961612591278471               12
 -0.309221997901299               -3
   2.02121733955003               25
 -0.247138638504564               -3
   1.50985593303629               18
 -0.425074737003447               -5
 -0.239479876334410               -2
  -1.42449866025493              -17
  -2.33294169880855              -29
  -1.13384130685728              -14
   2.27502938575569               28
   2.18992380397712               27
  -1.87433534403794              -23
   1.54164178680592               19
  0.209258742528929                2
   1.71626629804362               21
   1.46025096715702               18
  0.455444153941919                5
  0.705187290724232                8
   1.68322668194876               21
  0.859342493856776               10
  -1.59863433782267              -19
 -0.491325961950599               -6
   1.20004884166606               15
   1.60371278442570               20
  0.858930646774647               10
   1.17056334449639               14
  0.892069500115992               11
   2.42641959361999               30
   1.73140914326472               21
  -2.18691638511154              -27
   2.56022854373145               32
   2.76829345622415               34
  -1.41267528321619              -17
  -1.33218054903730              -16
 -0.255586391265111               -3
 -0.423464452368262               -5
 -0.545516104770244               -6
  -1.00619796533091              -12
 -0.233784651862250               -2
   2.02185540483310               25
  0.314045128215939                3
  0.273953421092128                3
   1.25076667625055               15
   1.11160419915270               13
  -2.51485534768137              -31
  0.613266481876695                7
 -0.382371822436677               -4
   3.20589995407819               40
  -1.62251985329095              -20
   1.49251372578966               18
   2.12309456359248               26
  -1.97131072603880              -24
  -1.80206317994951              -22
  -1.04453804003347              -13
   1.02069018077299               12
  0.380544333033984                4
  0.476390366435672                5
 -0.276634395901711               -3
  0.319179940312295                3
 -3.258840090913857E-002           0
  -1.50005574446825              -18
 -0.104661825435109               -1
  0.621872698303167                7
   2.06759834586226               25
  0.118334228529936                1
   1.29653418638016               16
 -0.188446496854600               -2
 -0.654142113754560               -8
 -0.274963148183154               -3
   1.21666291938723               15
 -0.654407811533522               -8
  -3.01960919050772              -37
  0.875607328972009               10
  0.395517378875973                4
  0.564900534557963                7
  -1.13823816412275              -14
  -1.80280818980269              -22
   1.57858182381385               19
   2.78095327936421               34
  0.554678332991952                6
  6.332920733598121E-002           0
 -0.830468795111817              -10
  0.701536070593513                8
 -0.673823379863004               -8
  0.235607164484967                2
  -1.76396596144762              -22
 -0.582553860850593               -7
  0.940237809496765               11
   2.09508520170040               26
 -0.772332519851063               -9
 -0.299010056113139               -3
  -2.15847018822254              -26
  0.243005963804977                3
 -0.202783925641545               -2
  -2.65302057225895              -33
   1.20616366608237               15
 -0.335919342734590               -4
 -0.508496928559986               -6
  -2.76218264209742              -34
 -0.264734933818138               -3
   2.39552435819658               29
   1.64603629260023               20
  0.371112968530493                4
  8.871130318852867E-002           1
  0.150460145361369                1
  0.297158807535883                3
  -2.30971219627833              -28
  0.373287164097810                4
  0.978528474659806               12
  0.913175430574709               11
  -1.02457021446399              -12
  0.448844763632091                5
  0.989688141374393               12
   1.70305268620906               21
   3.59644880400696               44
 -0.354364895442034               -4
   1.11565850165979               13
   1.79434289919836               22
  0.554677082143691                6
   1.58658679122678               19
  -1.30943666074313              -16
  -1.01504570923386              -12
  0.103071524560727                1
  -1.75211912393224              -21
  -1.05346122065503              -13
  1.314172402581504E-002           0
  0.622920173468984                7
  0.539356507935077                6
  0.805417340944711               10
  0.260673255326394                3
  -2.42112376750447              -30
  0.406563521813877                5
  0.346177713895675                4
  9.552299426088040E-002           1
 -0.737576746362257               -9
  0.975326565860538               12
  0.371547254829154                4
   1.79315918169970               22
 -0.886120792768898              -11
  -1.05138218395701              -13
 -0.378497358514100               -4
 -0.971872528738742              -12
  -1.69514790886421              -21
 -4.352693206687310E-005           0
  -1.14407490512738              -14
  0.844541935960324               10
   2.71251570135239               33
   1.87082455233233               23
  -2.13809077111468              -26
  -2.35678385484899              -29
  0.663009708075672                8
  -2.52775264243528              -31
  -1.04747239936962              -13
   1.24085654312170               15
  -1.26234547659243              -15
 -0.833398336592588              -10
  6.199332294920840E-002           0
 -7.266088335637919E-002           0
 -0.618634092752433               -7
  -1.07331188147832              -13
  -2.35306606409188              -29
  0.836944873137423               10
  -2.49511765048625              -31
   1.56396838641072               19
 -0.662393709886961               -8
  0.156294091234144                1
  3.351525675010682E-002           0
  0.713911820862723                8
   1.84910697053561               23
 -0.214205405330454               -2
   1.48759166006104               18
   2.44154509282713               30
   1.39983850706253               17
 -0.981162238075815              -12
 -0.623399151947824               -7
  -1.84507907003659              -23
  0.775672919796804                9
 -0.730515940743376               -9
 -0.344557335847685               -4
   1.12960712489245               14
  0.965732847813918               12
  0.655817089800288                8
 -0.160918053202399               -2
  0.863948009687301               10
  -1.07083680498723              -13
  -2.80024205669985              -35
  -1.42224782662262              -17
  -1.05536616311738              -13
 -0.140654220001327               -1
  0.381733164399754                4
   1.13867403806072               14
  0.446577738252499                5
  0.258680023173411                3
  0.301430607853295                3
  8.634684673290599E-002           1
  -1.33362386024069              -16
 -0.924112361676540              -11
  0.147279616881167                1
  -2.08732078288067              -26
  0.460115317113045                5
  0.942195976520874               11
  -1.16097332191698              -14
 -0.306090628441346               -3
  0.118426690696638                1
  -2.51561613707464              -31
 -0.509269440992204               -6
   3.02523333946399               37
   2.03644229454721               25
  -1.36141216275587              -17
  -2.65069307567175              -33
 -0.247546127056353               -3
  0.150496607337184                1
 -0.395742088469423               -4
   3.91603781405259               48
  0.972974822652882               12
   1.22859822758675               15
   1.43792125164998               17
   1.13516326126325               14
   1.91885735109698               23
  -2.41467458654056              -30
  0.529205820825248                6
  0.723863309404630                9
   2.50866045220483               31
  0.607246156316324                7
  -1.29451311593159              -16
 -0.238480644374464               -2
   1.43627892214588               17
 -0.112708325795596               -1
 -0.324219210391931               -4
   2.67381766747743               33
 -0.319920077952683               -3
 -0.254254816065783               -3
   2.85313055354324               35
  0.878798589684507               10
 -0.318449919091520               -3
   1.12284805917557               14
   1.15948410046762               14
 -0.278482803476190               -3
  -2.28437466382555              -28
 -0.461309920667014               -5
  8.888307295426909E-002           1
  0.350940939294568                4
   2.54031262107256               31
  0.854652436131275               10
 -0.835776647332211              -10
  0.476829515349744                5
   1.46205024003161               18
  -1.40994331969277              -17
   2.45183084642776               30
  -1.02240497679978              -12
   1.74099605289938               21
  0.110671841108622                1
   2.64980639103719               33
 -0.425020832517638               -5
  -1.15155166741393              -14
   2.08338233499490               26
 -6.791188696561055E-002           0
   1.99321919047987               24
 -0.777655082185049               -9
   1.47795604432266               18
  -2.03718817989964              -25
  -1.14942362937049              -14
  -2.02179757345195              -25
  0.566935728574392                7
   1.65116475284720               20
  -1.03419062503903              -12
  -1.22864876602807              -15
  -1.68185811186556              -21
 -0.904383511479160              -11
   1.99472060422279               24
   2.44696968753799               30
   1.84132375876769               23
 -0.355300307760811               -4
 -0.271320016246550               -3
  -2.33304086819960              -29
 wrong data. check your code!        4009
