   4.03349864690157       -4.28288101453402     
  8.316379661435590E-002
   1.84009804084227               22
   1.58786928935496               19
   1.17006584561080               14
  1.877903634681299E-002           0
  0.254309622946303                3
   1.56127323448372               18
   1.66246248455744               19
  0.692203253225770                8
 -0.771685388543770               -9
   3.57322362835440               42
  0.224986122146168                2
  0.836604008749230               10
   2.27757475504527               27
  0.778830182796734                9
 -0.882606528802730              -10
 -0.295691819695690               -3
  -1.97137708111906              -23
   1.37618206531760               16
  1.017224010091400E-002           0
  0.715400849085059                8
  0.200218596011706                2
   2.10367557875326               25
  0.482476473102544                5
  0.915020745321940               11
   1.04174607557270               12
 -0.164985060421030               -1
  9.883010674216397E-002           1
   1.84173809343154               22
  0.720344231464004                8
  0.818482828612189                9
  0.877182297911307               10
   1.23096820447110               14
   2.39391033650799               28
   2.26272398673035               27
   1.38199677308092               16
   3.21805330962719               38
   1.07173366038888               12
  -1.06574918813820              -12
   1.42999508982540               17
   3.37452487048629               40
   2.36038906780216               28
   2.09656660555075               25
  0.599250096395216                7
   1.77118120666285               21
   1.25966297991479               15
   3.10703167997105               37
 -0.809504719816130               -9
  0.532736661250295                6
  0.520428294753114                6
  0.337277137900404                4
   3.57450682898659               42
 -0.183151785810220               -2
   1.34112365698616               16
   1.04784123127376               12
  0.663020022275352                7
   1.98629580300186               23
  -3.17191723237759              -38
   1.18896164350477               14
   3.14193613892215               37
   3.49071750096871               41
 -0.887731080448360              -10
  0.859488579278006               10
   2.05031556992215               24
  0.595859782054346                7
   2.12812429140773               25
   1.33631560831778               16
   2.76072324583711               33
   1.56731591809002               18
  0.755022072923282                9
  0.192555720719901                2
 -0.556577947263230               -6
   1.73135819686864               20
   1.65443004731529               19
 -0.590153345588860               -7
  -1.02285190975651              -12
   1.51716520298640               18
   1.97350367748745               23
   3.35569136049033               40
 -0.504308138746730               -6
   1.98971503976592               23
  0.686993580095293                8
  0.605870928788076                7
  9.207509326910501E-002           1
  -2.22058795373714              -26
   2.87063823956434               34
  0.609870953346333                7
  -1.00409460596478              -12
  0.374947980219363                4
  0.529459332240024                6
 -0.372213307038310               -4
  0.914181197881429               10
   3.64191471589714               43
   1.36782569324981               16
 -0.728895744385460               -8
 -0.558824335528810               -6
 -0.599174852622960               -7
  0.446293539840629                5
  0.854447391769116               10
   1.21217798496778               14
 -0.566964574506590               -6
   2.13666954762390               25
   1.25067658347966               15
   1.07456450315629               12
  0.918124144268454               11
 -0.435006514392410               -5
 -0.895368912964300              -10
   1.75758368553140               21
  0.207274670761398                2
  0.934256006342779               11
   3.19142387162318               38
   2.59156639920232               31
   2.66605856431931               32
   2.68671178170108               32
 -0.103919527866950               -1
   2.97743561410173               35
 -0.155885861041760               -1
 -0.900996779282230              -10
   1.16904751836443               14
 -0.379735574440440               -4
   3.79625609926789               45
   1.95292560835634               23
 -0.688266103579250               -8
 -0.703725818357990               -8
   1.78460753084679               21
   1.46916527607842               17
  0.613186050499690                7
  0.710743692009643                8
  0.158460702143168                1
   3.92830267828963               47
   4.14773403307199               49
   1.64918626930156               19
   1.10001026893208               13
   1.83409440957193               22
   1.05247882877716               12
  0.749664770069981                9
   1.39388462126587               16
   2.51652524318110               30
   3.34148379265402               40
   3.68151584614095               44
   1.63634055637081               19
   2.11050625394234               25
   1.72721525786441               20
  0.534809551009939                6
   2.91097383423013               35
  0.349290030291621                4
   1.10293529339296               13
  -1.25614434537087              -15
   3.88062075379235               46
   1.66144100068833               19
  -2.26958655594597              -27
  -2.01334406822491              -24
  0.945930368232574               11
  0.662521993643700                7
   3.24611639785444               39
 -0.200817444855490               -2
   2.68005655153795               32
   1.34044667374028               16
   3.23641899229396               38
   4.73273423745269               56
 -5.126417635291003E-002           0
   1.02203388245930               12
  0.425920222653627                5
 -0.346157566442920               -4
 -0.211123842029930               -2
   2.62613800901809               31
   1.85163256568988               22
  -1.20275737016204              -14
   1.37568564931560               16
   4.00979113639970               48
   3.45481389033227               41
   4.73063477083007               56
   2.30104404071798               27
   3.79718680894865               45
  0.488850172085440                5
 -3.243872909962997E-002           0
  0.429241860300546                5
   3.88390476036016               46
   1.28103905588762               15
  0.450788732519411                5
   1.55214989453441               18
 -0.363238413454940               -4
  0.736842851624150                8
   2.56836128001889               30
   1.51391110441067               18
  -3.22099430381653              -38
   1.08211687019658               13
  -1.47253787311014              -17
   1.92640353276922               23
 -0.417917367058610               -5
   1.14080010205423               13
   2.72672368066273               32
   1.67195546340493               20
   1.21015355337532               14
   2.62018945079588               31
   3.09942839018089               37
   1.65871080553185               19
 -0.886655375277280              -10
   1.44209279646707               17
  0.597905490464371                7
  8.626725786064704E-002           1
  0.873517919029415               10
   1.14619457012702               13
   1.30211522437030               15
   1.73726522255766               20
   3.66429311636427               44
  0.614823844990591                7
   2.24012652899859               26
 -0.671570452214430               -8
  0.580927299222047                6
   1.40553692116612               16
  0.996410569846905               11
  -1.10010145643154              -13
  0.810909595419105                9
  0.427924936018573                5
  0.869230211941484               10
   1.55677614169225               18
   3.61669944508842               43
   3.37471195439633               40
  0.348899502378859                4
  0.588691030219387                7
   1.79900305954205               21
   1.28748829116985               15
 -0.315994177440640               -3
 -3.709365334980008E-002           0
  -1.15575574947380              -13
   1.86320016271662               22
   2.68505598897310               32
  0.241091693497756                2
  0.391247046587207                4
   2.16326475159399               26
   2.52011985069019               30
   1.58710638218751               19
   1.50083338346935               18
   1.04182353397398               12
 -0.526693392194530               -6
  -2.14923650658353              -25
   1.43429149489667               17
   1.19411423880801               14
   2.19678102119150               26
  0.853255884066753               10
   2.05386826159591               24
  0.607288840193994                7
  0.697595946254826                8
 -0.404142265787440               -4
   2.30802609472249               27
  -2.16379514020206              -26
  0.651346657375329                7
   1.16249653866327               13
 -0.494157587409890               -5
   2.34007242723875               28
   1.24774162948025               15
   2.41954366471278               29
  0.641933646682145                7
  -1.24632643109455              -14
   3.15787606801029               37
   1.86381159681971               22
   1.65623075457980               19
 -0.369616820880030               -4
  0.879217010618322               10
   1.58026649834635               19
 -0.865960295611780              -10
   2.05814367166784               24
  0.796830821909114                9
   1.51480161654227               18
 -0.825390837777940               -9
  0.680649529724899                8
  -1.16243202131679              -13
   2.73177535599657               32
  0.901380152889434               10
   1.92626457361938               23
  -1.48742074232023              -17
   1.21778146166412               14
 -0.230988993991710               -2
  0.611331518219362                7
   1.65631076195942               19
  -1.35806055339559              -16
  0.365042162169421                4
  0.805072312982540                9
 -0.727588545631250               -8
   3.24920377471781               39
 -0.534414621152220               -6
  0.582470327109301                7
   4.15421856613652               49
   3.18269224730688               38
 -0.583662522661240               -7
   2.12774837164947               25
   1.31713859240732               15
   3.71056239584255               44
 -2.329539298632000E-002           0
   2.69257711065532               32
   1.65290598500012               19
   1.14431409621030               13
   3.04986971237721               36
   2.24627402767743               27
   1.87182455256521               22
 -0.346137804686480               -4
   1.80684462174369               21
   1.50627696806759               18
  0.276883132485336                3
  0.321015293068124                3
   3.58636036523678               43
  -3.28288101453402              -39
 -3.833607132391004E-002           0
  0.602868630331903                7
   1.53365358084436               18
  -1.57183090674390              -18
 -2.763236546960091E-003           0
 -0.286051000134610               -3
 -0.592806383226530               -7
  -2.75111962786359              -33
   3.13640505420138               37
 -0.523446956585510               -6
  0.323200765926786                3
  -1.12911053124847              -13
  0.543515404285933                6
 -0.508939512621690               -6
   2.06638100930745               24
  -1.02168689980630              -12
 -0.434251115051690               -5
   2.76762664423007               33
 -0.701627746908490               -8
 -0.135587035568880               -1
   2.21145465510553               26
   1.91904667688020               23
   1.98623880866060               23
   1.23031474150680               14
 -0.673690970703530               -8
   1.37323933126569               16
  0.854579256677115               10
   1.87681820103650               22
 -0.434317356977300               -5
  2.293261503987998E-002           0
   3.20023229303009               38
   1.92144890458457               23
   2.71472587093797               32
   1.18266268313935               14
   2.43567566258273               29
  -1.79230928385033              -21
   2.18026580798331               26
   1.48164507680643               17
   1.86507051904500               22
  0.847112866343360               10
   2.53077681587583               30
   3.19084075750463               38
 -4.946382224343004E-002           0
  0.368180217599108                4
   1.22570121745647               14
   1.82810697156400               21
   1.00856181596024               12
   2.61770119299743               31
  0.518291331760129                6
  4.895021465429972E-003           0
   1.27687677469120               15
   2.07593952191552               24
 -0.799019050767920               -9
  0.899102156768741               10
   1.81864414417487               21
  0.491008181212425                5
   1.56267402103258               18
  0.873051995966814               10
 -0.966876504652270              -11
   1.71380945500231               20
   2.68894997268640               32
 -0.328643129256100               -3
  0.404176054334585                4
  0.415770560254258                4
 -0.224001695258950               -2
   3.71535908123634               44
   1.03869595577928               12
   1.61408150975896               19
  0.404211524425680                4
 -2.285191395748010E-002           0
   1.34534591581569               16
   1.11486518853770               13
  0.586547869797437                7
   4.30827582609713               51
   2.14924502973016               25
   1.22150973995647               14
   2.92594134765096               35
  0.495802744490700                5
 -0.177761374509960               -2
  0.445863271305126                5
  -1.85002723167874              -22
  -1.89662750743068              -22
   2.15051496117256               25
   3.20894118854848               38
   1.75623885794497               21
   1.44137576632269               17
  -2.88355915759992              -34
  0.925371252974823               11
  9.469940374928998E-002           1
   2.03440290927999               24
  0.280892102009528                3
  0.767690208746332                9
 -0.202293719331410               -2
 -0.310493848893290               -3
 -9.224653434333008E-002          -1
   1.11045446889360               13
   1.82886456669205               21
   1.33334592563466               16
 -0.794725474423190               -9
   2.07578996595793               24
   3.23384589424695               38
  0.365367712998151                4
  -2.69897940663720              -32
   1.30283676467488               15
  -1.63953059390159              -19
 -0.165579022774370               -1
 -0.444248182371780               -5
   1.65607078641710               19
   1.77268810578937               21
   4.06760647155825               48
  3.691848051017965E-003           0
   1.46074434646664               17
   1.66670563752120               20
   2.61275929209746               31
  0.733957766927439                8
   1.72014310620743               20
  4.768632235522197E-002           0
  0.658178269349516                7
   2.80045791090294               33
   1.22485117420599               14
   1.40165383009917               16
   1.47200791559014               17
   1.38494677521181               16
   2.06965158491455               24
   4.41461395762674               53
   5.03349864690157               60
  0.976210132028143               11
 -7.017435733820010E-002           0
   1.23730299300893               14
 -0.402771497658650               -4
   2.94366245558388               35
 -0.184523977100250               -2
   3.07546706553840               36
   4.34724451404459               52
  0.207211066232822                2
   1.76242630854000               21
  -1.30856142549281              -15
 -0.632457435727470               -7
 -0.576163679296380               -6
   1.82182354308504               21
 -5.449544317993005E-002           0
  0.805014234951980                9
  0.538393926006808                6
   2.94351367438823               35
 -0.259076503086640               -3
  -2.51826262468995              -30
  4.712271516068500E-002           0
  0.101487029473596                1
 -0.583948729577630               -7
 -0.825679093742560               -9
  0.704238490306548                8
   1.45016088953373               17
  -1.27482127528071              -15
   1.34595068806201               16
   1.19590422401358               14
   1.06947364155959               12
  -2.40912566410921              -28
  0.359502310958837                4
  0.961992314086088               11
   4.02533242844589               48
  0.390864314242986                4
   2.69019132132808               32
   1.50500421234362               18
  0.610537723701220                7
   1.17791407583826               14
   2.51173636111704               30
   1.57990274696134               18
 -0.377220956887980               -4
   1.40301686382002               16
   1.84223164613252               22
   2.98622639307166               35
   2.85935904051006               34
  0.559427224591284                6
  0.218731182788258                2
  0.585831244079852                7
 -0.336051610399520               -4
   1.88107999031198               22
 -6.760456617254995E-002           0
  0.871157804201011               10
  -1.16731798374576              -14
  -1.49813542003234              -18
  -1.73616202581728              -20
  0.469352158415601                5
   3.05110035253826               36
   3.01296861073792               36
  -1.35272512406996              -16
 -0.672425390169500               -8
   1.94921700495920               23
   1.11618351003142               13
   3.25909694223044               39
  0.639049245015375                7
   1.71864228223003               20
  0.325590725222683                3
  0.661539333341634                7
 -0.311481320780780               -3
   1.24937728633381               15
   3.49465633955381               42
  0.520613276784648                6
   1.93075796934371               23
 -5.530658539897004E-002           0
   1.11797853461193               13
   1.56982897162699               18
 -0.318710731055710               -3
   3.22989950475240               38
   1.15222975650391               13
   1.19085989608065               14
   2.35167138476219               28
  -1.02831366555190              -12
   2.07439941806778               24
  -1.23325113119409              -14
 -0.240538426093080               -2
  0.762093776263784                9
 -0.155621526639670               -1
  0.384624155883683                4
  0.695673486320004                8
  -1.39732214300046              -16
   1.34875933464111               16
   1.03696510256106               12
   3.19614662390894               38
   3.94176076996184               47
  0.116422604419564                1
   1.34569839563819               16
   2.94171829420064               35
   2.79049453185963               33
   1.56502485864781               18
  0.155358804446727                1
  0.425713965958576                5
  0.885453408631493               10
   2.30938020331612               27
  0.712314860672193                8
   2.97171079768849               35
  0.761475762108541                9
   1.85554373524818               22
 -0.300294676140700               -3
   1.72163756301995               20
   2.60690902152646               31
   1.24540155744866               14
   1.49541757950304               17
   3.27481756428456               39
 -0.298277020239360               -3
   1.44467599635376               17
  0.483011292345743                5
  0.634078021535711                7
  0.107835519613763                1
   1.71938500800232               20
  -1.69985139093853              -20
   2.94466944228847               35
   1.25295294631555               15
  0.326117178283444                3
 -0.459866452266750               -5
 -0.867522439086230              -10
   1.08870959389427               13
   2.95601230040539               35
   1.96819323570007               23
 -0.571988341815500               -6
   2.56718036600318               30
  0.371440658722585                4
  -1.05282895806112              -12
   1.95677657894470               23
   1.00323458007502               12
  0.735554144115500                8
  0.345481520281657                4
  -1.74339593163066              -20
 -0.563162260759190               -6
  0.493804941061243                5
 -0.795982207805540               -9
  -2.17588834985533              -26
   4.55938001353210               54
   2.20704263131851               26
   2.69733546776421               32
 -0.899176808661550              -10
   2.45521688591768               29
  0.219646667237703                2
  -1.48457032684353              -17
   2.77262336345217               33
   1.94257884342044               23
   2.26277170951835               27
 -3.546097528214998E-002           0
   3.79230866349184               45
   1.31123244166414               15
  -2.70305636966063              -32
   2.47901336449476               29
  0.104463659176399                1
   1.47034424527196               17
   2.84415663188913               34
  0.730865003915996                8
  8.428339571957699E-002           1
   2.32244068854032               27
  -1.05959104807870              -12
 -4.174188388150002E-002           0
   1.97768322492386               23
  0.754440013596914                9
 -0.878058565627340              -10
  0.725300578079893                8
   1.94651095330133               23
   2.04101430842960               24
   2.88437939150732               34
  0.431955555434542                5
  -1.14557165986900              -13
  0.814887462749406                9
   1.02695641118265               12
   2.52783073920672               30
 -0.268092338091490               -3
   2.13103185029873               25
 -0.687280496493830               -8
  0.461543971337261                5
   1.63534111263604               19
  0.677564304557941                8
 -0.577556450402510               -6
  8.505161683755302E-002           1
 -0.449915870382570               -5
   1.15437361453746               13
  0.805218054619286                9
   2.25415349658011               27
 -0.167355199611580               -2
  0.600276842793944                7
  0.372653128219233                4
   3.50528494582187               42
   2.00314960357445               24
  0.743247956620295                8
   3.64900192869218               43
   1.01098145282760               12
   2.71264946087386               32
  -1.00499293538734              -12
 -0.603500985554270               -7
 -0.256873541016400               -3
   1.42949609870507               17
   1.95477297985432               23
  -1.21969579879251              -14
  0.495671565194893                5
   1.11290768831094               13
  -1.04586158469773              -12
   3.17970592865827               38
 -0.405361294324920               -4
 -0.907072149722730              -10
   2.41971378007387               29
   1.55898051270119               18
 -0.523789628137610               -6
  0.847948898857124               10
  -1.34744708966662              -16
 -0.136443504841070               -1
   1.03415551448635               12
 -6.510883994648009E-002           0
  0.477848213029223                5
  0.662391145643246                7
  0.250560222604303                3
   1.25417793919045               15
  0.753885286682797                9
  0.863768586122136               10
 -0.583332536185230               -7
   2.15229406175228               25
  0.294481164201422                3
 -0.148115307841050               -1
   1.19769771684158               14
  0.483768925405205                5
  0.768604748130619                9
 -0.797721117579450               -9
   1.43714926169485               17
  -1.21136369294376              -14
   1.73598052641653               20
   2.04247012723936               24
   2.76962979847569               33
  0.735441139172413                8
 -0.440264010268440               -5
 -0.588073169413480               -7
   2.93804925063325               35
  -2.96182224336539              -35
 -0.843572895207580              -10
  -2.14398135393170              -25
   1.59843689811168               19
  0.138367209757496                1
 -0.296209995565330               -3
  0.534620456708649                6
  0.786314271152182                9
   1.28760693606604               15
  0.600400693000349                7
  0.857547440173748               10
   3.41803058610461               41
   1.45527545883931               17
   1.32980318650137               15
  0.937590916690706               11
   1.24768635644332               15
   1.68272034892058               20
 -0.472310952921350               -5
   3.64733550010303               43
  -1.93258798595547              -23
   1.23671448999871               14
   1.32685491572342               15
   1.26728333569285               15
  2.801723724255401E-002           0
  0.214568220405441                2
  0.275335457513229                3
  -1.10353144495040              -13
  -1.12906845241654              -13
  1.425054914312296E-002           0
   2.05758830284286               24
   1.42481106063326               17
   2.10687160065657               25
 -0.147209730502430               -1
   1.89675445421768               22
 -0.652356970456380               -7
  -3.10212677617635              -37
  -1.07875405318827              -12
  7.927838389429698E-002           0
   2.40380110387409               28
   1.89203475558391               22
  0.222475998094568                2
   2.70304133544221               32
   1.51590656040420               18
 -0.102627753855700               -1
   3.07623621076276               36
  -1.27313902901207              -15
 -0.305387124665230               -3
  0.414575207444167                4
   2.40375831837984               28
  8.698246904902196E-002           1
  -1.92045854256658              -23
  0.630312009070571                7
 -0.958273538793030              -11
   1.24477006269715               14
   2.21975430371547               26
  0.965490666416157               11
   1.96161259127847               23
  0.690778002098701                8
   3.02121733955003               36
  0.752861361495436                9
   2.50985593303629               30
  0.574925262996553                6
  0.760520123665590                9
 -0.424498660254930               -5
  -1.33294169880855              -16
 -0.133841306857280               -1
   3.27502938575569               39
   3.18992380397712               38
 -0.874335344037940              -10
   2.54164178680592               30
   1.20925874252893               14
   2.71626629804362               32
   2.46025096715702               29
   1.45544415394192               17
   1.70518729072423               20
   2.68322668194876               32
   1.85934249385678               22
 -0.598634337822670               -7
  0.508674038049401                6
   2.20004884166606               26
   2.60371278442570               31
   1.85893064677465               22
   2.17056334449639               26
   1.89206950011599               22
   3.42641959361999               41
   2.73140914326472               32
  -1.18691638511154              -14
   3.56022854373145               42
   3.76829345622415               45
 -0.412675283216190               -4
 -0.332180549037300               -3
  0.744413608734889                8
  0.576535547631738                6
  0.454483895229756                5
 -6.197965330910105E-003           0
  0.766215348137750                9
   3.02185540483310               36
   1.31404512821594               15
   1.27395342109213               15
   2.25076667625055               27
   2.11160419915270               25
  -1.51485534768137              -18
   1.61326648187669               19
  0.617628177563323                7
   4.20589995407819               50
 -0.622519853290950               -7
   2.49251372578966               29
   3.12309456359248               37
 -0.971310726038800              -11
 -0.802063179949510               -9
 -4.453804003347006E-002           0
   2.02069018077299               24
   1.38054433303398               16
   1.47639036643567               17
  0.723365604098289                8
   1.31917994031230               15
  0.967411599090861               11
 -0.500055744468250               -6
  0.895338174564891               10
   1.62187269830317               19
   3.06759834586226               36
   1.11833422852994               13
   2.29653418638016               27
  0.811553503145400                9
  0.345857886245440                4
  0.725036851816846                8
   2.21666291938723               26
  0.345592188466478                4
  -2.01960919050772              -24
   1.87560732897201               22
   1.39551737887597               16
   1.56490053455796               18
 -0.138238164122750               -1
 -0.802808189802690               -9
   2.57858182381385               31
   3.78095327936421               45
   1.55467833299195               18
   1.06332920733598               12
  0.169531204888183                2
   1.70153607059351               20
  0.326176620136996                3
   1.23560716448497               14
 -0.763965961447620               -9
  0.417446139149407                5
   1.94023780949676               23
   3.09508520170040               37
  0.227667480148937                2
  0.700989943886861                8
  -1.15847018822254              -13
   1.24300596380498               14
  0.797216074358455                9
  -1.65302057225895              -19
   2.20616366608237               26
  0.664080657265410                7
  0.491503071440014                5
  -1.76218264209742              -21
  0.735265066181862                8
   3.39552435819658               40
   2.64603629260023               31
   1.37111296853049               16
   1.08871130318853               13
   1.15046014536137               13
   1.29715880753588               15
  -1.30971219627833              -15
   1.37328716409781               16
   1.97852847465981               23
   1.91317543057471               23
 -2.457021446399010E-002           0
   1.44884476363209               17
   1.98968814137439               23
   2.70305268620906               32
   4.59644880400696               55
  0.645635104557966                7
   2.11565850165979               25
   2.79434289919836               33
   1.55467708214369               18
   2.58658679122678               31
 -0.309436660743130               -3
 -1.504570923386006E-002           0
   1.10307152456073               13
 -0.752119123932240               -9
 -5.346122065503001E-002           0
   1.01314172402582               12
   1.62292017346898               19
   1.53935650793508               18
   1.80541734094471               21
   1.26067325532639               15
  -1.42112376750447              -17
   1.40656352181388               16
   1.34617771389567               16
   1.09552299426088               13
  0.262423253637743                3
   1.97532656586054               23
   1.37154725482915               16
   2.79315918169970               33
  0.113879207231102                1
 -5.138218395701011E-002           0
  0.621502641485900                7
  2.812747126125803E-002           0
 -0.695147908864210               -8
  0.999956473067933               12
 -0.144074905127380               -1
   1.84454193596032               22
   3.71251570135239               44
   2.87082455233233               34
  -1.13809077111468              -13
  -1.35678385484899              -16
   1.66300970807567               19
  -1.52775264243528              -18
 -4.747239936962000E-002           0
   2.24085654312170               26
 -0.262345476592430               -3
  0.166601663407412                2
   1.06199332294921               12
  0.927339116643621               11
  0.381365907247567                4
 -7.331188147832002E-002           0
  -1.35306606409188              -16
   1.83694487313742               22
  -1.49511765048625              -17
   2.56396838641072               30
  0.337606290113039                4
   1.15629409123414               13
   1.03351525675011               12
   1.71391182086272               20
   2.84910697053561               34
  0.785794594669546                9
   2.48759166006104               29
   3.44154509282713               41
   2.39983850706253               28
  1.883776192418496E-002           0
  0.376600848052176                4
 -0.845079070036590              -10
   1.77567291979680               21
  0.269484059256624                3
  0.655442664152315                7
   2.12960712489245               25
   1.96573284781392               23
   1.65581708980029               19
  0.839081946797601               10
   1.86394800968730               22
 -7.083680498723011E-002           0
  -1.80024205669985              -21
 -0.422247826622620               -5
 -5.536616311738007E-002           0
  0.859345779998673               10
   1.38173316439975               16
   2.13867403806072               25
   1.44657773825250               17
   1.25868002317341               15
   1.30143060785330               15
   1.08634684673291               13
 -0.333623860240690               -4
  7.588763832346002E-002           0
   1.14727961688117               13
  -1.08732078288067              -13
   1.46011531711304               17
   1.94219597652087               23
 -0.160973321916980               -1
  0.693909371558654                8
   1.11842669069664               13
  -1.51561613707464              -18
  0.490730559007796                5
   4.02523333946399               48
   3.03644229454721               36
 -0.361412162755870               -4
  -1.65069307567175              -19
  0.752453872943647                9
   1.15049660733718               13
  0.604257911530577                7
   4.91603781405259               59
   1.97297482265288               23
   2.22859822758675               26
   2.43792125164998               29
   2.13516326126325               25
   2.91885735109698               35
  -1.41467458654056              -17
   1.52920582082525               18
   1.72386330940463               20
   3.50866045220483               42
   1.60724615631632               19
 -0.294513115931590               -3
  0.761519355625536                9
   2.43627892214588               29
  0.887291674204404               10
  0.675780789608069                8
   3.67381766747743               44
  0.680079922047317                8
  0.745745183934217                8
   3.85313055354324               46
   1.87879858968451               22
  0.681550080908480                8
   2.12284805917557               25
   2.15948410046762               25
  0.721517196523810                8
  -1.28437466382555              -15
  0.538690079332986                6
   1.08888307295427               13
   1.35094093929457               16
   3.54031262107256               42
   1.85465243613127               22
  0.164223352667789                1
   1.47682951534974               17
   2.46205024003161               29
 -0.409943319692770               -4
   3.45183084642776               41
 -2.240497679978004E-002           0
   2.74099605289938               32
   1.11067184110862               13
   3.64980639103719               43
  0.574979167482362                6
 -0.151551667413930               -1
   3.08338233499490               37
  0.932088113034389               11
   2.99321919047987               35
  0.222344917814951                2
   2.47795604432266               29
  -1.03718817989964              -12
 -0.149423629370490               -1
  -1.02179757345195              -12
   1.56693572857439               18
   2.65116475284720               31
 -3.419062503903003E-002           0
 -0.228648766028070               -2
 -0.681858111865560               -8
  9.561648852084004E-002           1
   2.99472060422279               36
   3.44696968753799               41
   2.84132375876769               34
  0.644699692239189                7
  0.728679983753450                8
  -1.33304086819960              -16
